<?xml version="1.0" encoding="UTF-8" standalone="no"?>
<testsuite failures="0" name="cucumber.runtime.formatter.JUnitFormatter" skipped="0" tests="1" time="17.132998">
    <testcase classname="FreeCRM Login feature" name="FreeCRM Login Test Scenario" time="17.132998">
        <system-out>
            <![CDATA[Given user is already on login page.........................................passed
When Title of login page is FreeCRM.........................................passed
Then user enters username and password......................................passed
Then user clicks on login button............................................passed
Then user is on home page...................................................passed
]]>
        </system-out>
    </testcase>
</testsuite>
